[2026-04-16 00:15:25] Commit created on branch main with message: chore(sync): auto sync 2026-04-16 00:15:24
[2026-04-16 00:15:25] Push attempt 1/2 started.
[2026-04-16 00:15:30] Push attempt 1 failed: git push exit code 128
[2026-04-16 00:15:31] Push attempt 2/2 started.
[2026-04-16 00:15:35] Push attempt 2 succeeded.
[2026-04-16 00:15:35] Sync completed: branch=main commit=b23e620
[2026-04-16 00:15:37] Audit event failed: 轟랬젯쌈돕陶넋륩蛟포
[2026-04-16 00:23:55] Commit created on branch main with message: chore(sync): auto sync 2026-04-16 00:23:55
[2026-04-16 00:23:55] Push attempt 1/3 started.
[2026-04-16 00:23:59] Push attempt 1 succeeded.
[2026-04-16 00:23:59] Sync completed: branch=main commit=7794c20
[2026-04-16 00:24:01] Audit event failed: 轟랬젯쌈돕陶넋륩蛟포
[2026-04-16 00:27:46] Commit created on branch main with message: chore(sync): auto sync 2026-04-16 00:27:46
[2026-04-16 00:27:46] Push attempt 1/3 started.
[2026-04-16 00:27:50] Push attempt 1 succeeded.
[2026-04-16 00:27:50] Sync completed: branch=main commit=8e4bdc6
[2026-04-16 00:27:52] Audit event failed: 轟랬젯쌈돕陶넋륩蛟포
[2026-04-16 00:32:34] Commit created on branch main with message: chore(sync): auto sync 2026-04-16 00:32:34
[2026-04-16 00:32:34] Push attempt 1/3 started.
[2026-04-16 00:32:38] Push attempt 1 succeeded.
[2026-04-16 00:32:39] Sync completed: branch=main commit=5e8d4e3
[2026-04-16 00:32:41] Audit event failed: 轟랬젯쌈돕陶넋륩蛟포
[2026-04-16 00:35:25] Commit created on branch main with message: chore(sync): auto sync 2026-04-16 00:35:25
[2026-04-16 00:35:25] Push attempt 1/3 started.
[2026-04-16 00:35:30] Push attempt 1 succeeded.
[2026-04-16 00:35:30] Sync completed: branch=main commit=c9e91c6
[2026-04-16 00:35:33] Audit event failed: 轟랬젯쌈돕陶넋륩蛟포
[2026-04-16 00:38:35] Commit created on branch main with message: chore(sync): auto sync 2026-04-16 00:38:35
[2026-04-16 00:38:35] Push attempt 1/3 started.
[2026-04-16 00:38:47] Push attempt 1 failed: git push exit code 128
[2026-04-16 00:38:49] Push attempt 2/3 started.
[2026-04-16 00:39:02] Push attempt 2 succeeded.
[2026-04-16 00:39:02] Sync completed: branch=main commit=ae3ecae
[2026-04-16 00:39:04] Audit event failed: 轟랬젯쌈돕陶넋륩蛟포
[2026-04-16 00:42:48] Commit created on branch main with message: chore(sync): auto sync 2026-04-16 00:42:48
[2026-04-16 00:42:48] Push attempt 1/3 started.
[2026-04-16 00:43:00] Push attempt 1 failed: git push exit code 128
[2026-04-16 00:43:02] Push attempt 2/3 started.
[2026-04-16 00:43:13] Push attempt 2 failed: git push exit code 128
[2026-04-16 00:43:15] Push attempt 3/3 started.
[2026-04-16 00:43:49] Push attempt 3 succeeded.
[2026-04-16 00:43:49] Sync completed: branch=main commit=b60c7f0
[2026-04-16 00:43:51] Audit event failed: 轟랬젯쌈돕陶넋륩蛟포
[2026-04-16 00:47:18] Commit created on branch main with message: chore(sync): auto sync 2026-04-16 00:47:17
[2026-04-16 00:47:18] Push attempt 1/3 started.
[2026-04-16 00:47:22] Push attempt 1 succeeded.
[2026-04-16 00:47:22] Sync completed: branch=main commit=0db31e7
[2026-04-16 00:47:24] Audit event failed: 轟랬젯쌈돕陶넋륩蛟포
